[backblue.gif]
[fade.gif]
[index.html]
[hamrohtravel.uz/h1.jpg]
[hamrohtravel.uz/assets/img/h1.jpg]
[hamrohtravel.uz/assets/img/h.jpg]
[code.jquery.com/jquery-3.6.0.min.js]
[hamrohtravel.uz/assets/img/madinai/photo_1_2024-05-29_21-32-25.jpg]
[hamrohtravel.uz/assets/img/madinai/photo_2_2024-05-29_21-32-25.jpg]
[hamrohtravel.uz/assets/img/madinai/photo_3_2024-05-29_21-32-25.jpg]
[hamrohtravel.uz/assets/img/mehmonxona/photo_1_2024-05-29_21-32-40.jpg]
[hamrohtravel.uz/assets/img/mehmonxona/photo_2_2024-05-29_21-32-40.jpg]
[hamrohtravel.uz/assets/img/mehmonxona/photo_3_2024-05-29_21-32-40.jpg]
[hamrohtravel.uz/assets/img/mehmonxona/photo_4_2024-05-29_21-32-40.jpg]
[hamrohtravel.uz/assets/img/qizil dengiz/photo_1_2024-05-29_21-32-07.jpg]
[hamrohtravel.uz/assets/img/qizil dengiz/photo_3_2024-05-29_21-32-07.jpg]
[hamrohtravel.uz/assets/img/qizil dengiz/photo_2_2024-05-29_21-32-07.jpg]
[hamrohtravel.uz/assets/js/sms.js]
[hamrohtravel.uz/assets/vendor/purecounter/purecounter_vanilla.js]
[hamrohtravel.uz/assets/vendor/aos/aos.js]
[hamrohtravel.uz/assets/vendor/bootstrap/js/bootstrap.bundle.min.js]
[hamrohtravel.uz/assets/vendor/glightbox/js/glightbox.min.js]
[hamrohtravel.uz/assets/vendor/isotope-layout/isotope.pkgd.min.js]
[hamrohtravel.uz/assets/vendor/swiper/swiper-bundle.min.js]
[hamrohtravel.uz/assets/vendor/typed.js/typed.umd.js]
[hamrohtravel.uz/assets/vendor/waypoints/noframework.waypoints.js]
[hamrohtravel.uz/assets/vendor/php-email-form/validate.js]
[hamrohtravel.uz/main.js]
[hamrohtravel.uz/index.html]
[hamrohtravel.uz/assets/img/apple-touch-icon.html]
[hamrohtravel.uz/assets/vendor/aos/aos.css]
[hamrohtravel.uz/assets/vendor/bootstrap/css/bootstrap.min.css]
[hamrohtravel.uz/assets/vendor/bootstrap-icons/fonts/bootstrap-iconse52a.woff2]
[hamrohtravel.uz/assets/vendor/bootstrap-icons/fonts/bootstrap-iconse52a.woff]
[hamrohtravel.uz/assets/vendor/bootstrap-icons/bootstrap-icons.css]
[hamrohtravel.uz/assets/vendor/boxicons/fonts/boxicons.eot]
[hamrohtravel.uz/assets/vendor/boxicons/fonts/boxicons.woff2]
[hamrohtravel.uz/assets/vendor/boxicons/fonts/boxicons.woff]
[hamrohtravel.uz/assets/vendor/boxicons/fonts/boxicons.ttf]
[hamrohtravel.uz/assets/vendor/boxicons/css/boxicons.min.css]
[hamrohtravel.uz/assets/vendor/glightbox/css/glightbox.min.css]
[hamrohtravel.uz/assets/vendor/swiper/swiper-bundle.min.css]
[hamrohtravel.uz/assets/css/style.css]
[hamrohtravel.uz/index-2.html]
[hamrohtravel.uz/lang.html]
[hamrohtravel.uz/assets/img/madinai/photo_3_2024-05-29_21-32-25.html]
[hamrohtravel.uz/assets/img/mehmonxona/photo_3_2024-05-29_21-32-40.html]
[hamrohtravel.uz/assets/css/sms.css]
[hamrohtravel.uz/script.html]
[hamrohtravel.uz/assets/vendor/boxicons/fonts/boxiconsd41d.svg]
[hamrohtravel.uz/assets/css/assets/img/hero-bg.html]
